1622438651040:findGenres
1622451143315:saveGenre
1622451165503:findGenres
1622452593469:genreCount
1622452825677:findGenre
1622452885565:genreCount
1622452891769:findGenre
1622453844826:deleteGenre
1622453855955:findGenres
1622556775564:saveGenre
1622556797228:findGenres
1622556811755:saveAuthor
1622556834355:authorCount
1622556861276:findAllAuthors
1622556955014:saveAuthor
1622556977420:authorCount
1622556982539:findAllAuthors
1622560147093:saveBook
1622561121112:bookCount
1622561127577:findBooks
1622561521068:saveBook
1622561552344:findBooks
